<?xml version="1.0" encoding="UTF-8"?>
<testsuite xmlns:xsi="http://www.w3.org/2001/XMLSchema-instance" xsi:noNamespaceSchemaLocation="https://maven.apache.org/surefire/maven-surefire-plugin/xsd/surefire-test-report-3.0.xsd" version="3.0" name="com.vrit.qa.AccountSetupTest" time="44.337" tests="1" errors="0" skipped="0" failures="0">
  <properties>
[...]
</properties>
  <testcase name="testStep1AccountSetup" classname="com.vrit.qa.AccountSetupTest" time="44.329">
    <system-out><![CDATA[Checkbox found: id='remember'
Checkbox checked
Checkbox checked state: false
Continue button clicked
Personal Details section loaded
Using email: testxcltklsn@mailinator.com
First name field filled: PmGhXS
Last name field filled: JsGQObz
Email field filled: testxcltklsn@mailinator.com
Phone field filled: 9891973259
Password field filled: Strong@28YtgPqB
Confirm password field filled: Strong@28YtgPqB
Next button enabled: true
Next button clicked
Navigated to Mailinator inbox: testxcltklsn
Refreshing inbox, attempt: 1
Clicked email row
Email content retrieved
Found OTP: 102756
Retrieved OTP: 102756
Entered OTP: 102756
Clicked verify button
OTP verification completed
Agency Details form loaded
Agency Name field filled: Test Agency TpYwL
Agency Address field filled: zRatBmsNql Street, Kathmandu
Agency Email field filled: agency96786@test.com
Agency Website field filled: www.agency97580.com
Role in Agency field filled: Manager
Clicked country dropdown
Found 1 options with successful selector
Selected first option
Found Next button, about to click
Clicked Next button on Agency Details section
Experience page loaded successfully
Experience Details form loaded
Clicked experience dropdown
Found 10 experience options with successful selector
Option text: 1 year
Option text: 2 years
Option text: 3 years
Option text: 4 years
Option text: 5 years
Selected experience option: 5 years
Number of students field filled: 100
Focus area field filled: Undergraduate admissions to Canada
Success metrics field filled: 90
Selected service: Career Counseling
Selected service: Admission Applications
Selected service: Visa Processing
Selected service: Test Prepration
Submitted experience details
Business Registration page loaded successfully
Business Registration form loaded
Business Registration Number field filled: REG74247541
Clicked countries dropdown
Selected institution type: Universities
Selected institution type: Colleges
Selected institution type: Vocational School
Selected institution type: Other
Certification Details field filled: ICEF Certified Education Agent AUsxx
Uploaded file: /Users/isubash/Codes/vrit-qa-task/selenium-test/src/test/resources/test-docs/business-reg.pdf
Uploaded file: /Users/isubash/Codes/vrit-qa-task/selenium-test/src/test/resources/test-docs/certificates.pdf
Submitted business registration details
]]></system-out>
    <system-err><![CDATA[[main] INFO io.github.bonigarcia.wdm.WebDriverManager - Using chromedriver 136.0.7103.92 (resolved driver for Chrome 136)
[main] INFO io.github.bonigarcia.wdm.WebDriverManager - Exporting webdriver.chrome.driver as /Users/isubash/.cache/selenium/chromedriver/mac-arm64/136.0.7103.92/chromedriver
May 11, 2025 6:58:02 PM org.openqa.selenium.devtools.CdpVersionFinder findNearestMatch
WARNING: Unable to find CDP implementation matching 136
May 11, 2025 6:58:02 PM org.openqa.selenium.chromium.ChromiumDriver lambda$new$5
WARNING: Unable to find version of CDP to use for 136.0.7103.93. You may need to include a dependency on a specific version of the CDP using something similar to `org.seleniumhq.selenium:selenium-devtools-v86:4.20.0` where the version ("v86") matches the version of the chromium-based browser you're using and the version number of the artifact is the same as Selenium's.
]]></system-err>
  </testcase>
</testsuite>